188 100
184 83
174 86
170 82
174 78
172 72
158 76
153 68
151 64
136 63
133 72
133 73
132 76
135 80
152 87
160 96
158 104
158 106
156 108
142 106
127 90
132 85
123 77
119 80
117 83
112 74
111 59
114 56
118 56
129 56
121 53
116 50
113 48
112 49
111 50
106 59
105 58
109 46
102 37
97 43
95 42
89 54
88 60
79 64
78 66
99 66
98 68
90 76
85 83
87 83
100 93
98 97
106 107
96 116
98 117
102 131
99 143
103 146
107 134
118 126
115 119
119 117
118 103
119 102
117 93
131 112
129 122
134 124
137 118
140 111
140 114
140 121
142 131
144 125
147 122
150 125
157 121
160 112
165 114
171 132
153 151
143 151
128 135
123 135
123 141
131 154
123 157
118 156
119 158
116 161
112 168
104 161
101 159
93 155
92 161
92 166
89 172
85 179
95 189
100 184
100 178
107 178
111 179
112 176
114 175
131 177
132 181
151 172
154 167
160 151
160 149
168 153
172 151
177 147
182 149
186 148
197 160
191 161
174 165
175 168
165 171
171 172
181 175
186 175
198 176
194 178
191 183
187 194
176 192
173 188
172 185
166 189
166 187
159 192
158 185
153 187
141 197
136 189
131 188
118 189
117 185
116 183
102 185
102 186
102 189
103 198
94 197
66 197
58 192
59 185
55 187
55 188
55 199
42 199
32 196
10 197
11 191
24 194
44 182
43 173
27 165
24 152
18 151
12 172
19 187
19 188
14 184
9 176
5 177
0 164
12 151
6 150
3 146
12 135
11 130
10 121
3 108
3 103
10 103
14 99
16 102
14 104
15 104
19 104
18 126
21 128
19 131
18 137
14 137
14 142
13 143
16 146
28 145
32 141
42 136
35 147
44 159
52 160
55 158
60 160
63 159
74 163
79 161
81 147
76 146
67 147
64 154
61 154
53 153
52 148
51 135
44 126
53 119
52 114
63 123
66 121
70 123
71 123
73 128
65 127
63 133
81 138
91 144
96 138
97 134
94 132
96 129
87 125
85 121
66 105
63 105
61 101
66 101
70 100
70 94
71 94
76 85
76 82
76 79
76 73
77 71
72 75
62 85
58 90
58 95
56 100
47 88
49 86
49 83
32 79
27 86
33 89
47 91
46 96
28 108
27 104
23 102
25 95
21 94
11 94
3 82
13 78
15 77
5 62
13 69
25 72
33 61
37 59
40 56
44 57
47 60
49 57
54 60
52 71
57 65
58 58
55 54
69 48
66 40
62 35
63 26
58 29
55 46
45 45
42 48
41 49
42 51
34 53
16 50
11 37
1 30
5 24
2 14
6 8
10 3
26 38
27 39
41 24
40 10
33 12
30 9
26 4
60 3
67 6
81 8
73 17
76 23
71 34
74 39
80 44
87 43
90 29
81 26
83 18
90 19
94 18
94 22
98 26
98 19
105 14
112 21
112 16
109 10
106 1
125 0
144 4
147 1
148 6
152 10
156 3
157 4
161 3
162 4
172 7
165 9
163 16
170 19
177 17
178 14
182 15
184 12
192 0
197 13
199 13
198 17
191 15
187 17
185 21
184 27
177 22
172 27
167 34
160 30
155 18
154 21
144 27
141 15
127 25
123 26
126 28
128 34
134 37
137 48
142 35
150 35
151 47
162 56
160 63
162 61
167 60
170 51
180 43
178 35
194 37
190 43
188 55
194 56
195 55
199 60
199 64
194 64
180 71
185 77
199 81
199 92
197 95
198 104
192 113
197 116
197 134
193 133
179 126
181 112
179 107
178 107
169 109
169 98
174 93
180 102
187 101
188 100
